Info: Start Nativelink Simulation process
Info: NativeLink has detected Verilog design -- Verilog simulation models will be used

========= EDA Simulation Settings =====================

Sim Mode              :  RTL
Family                :  cycloneive
Quartus root          :  d:/altera/13.0sp1/quartus/bin64/
Quartus sim root      :  d:/altera/13.0sp1/quartus/eda/sim_lib
Simulation Tool       :  modelsim
Simulation Language   :  verilog
Simulation Mode       :  GUI
Sim Output File       :  
Sim SDF file          :  
Sim dir               :  simulation\modelsim

=======================================================

Info: Starting NativeLink simulation with ModelSim software
Sourced NativeLink script d:/altera/13.0sp1/quartus/common/tcl/internal/nativelink/modelsim.tcl
Warning: File spi_slave_run_msim_rtl_verilog.do already exists - backing up current file as spi_slave_run_msim_rtl_verilog.do.bak7
Info: Spawning ModelSim Simulation software 
Error: Can't launch ModelSim Simulation software -- make sure the software is properly installed and the environment variable LM_LICENSE_FILE or MGLS_LICENSE_FILE points to the correct license file.
couldn't execute "D:\MentorGraphics\win64\modelsim.exe": invalid argument
    while executing
"exec $msim_exec_exe $msim_exec_option  -l msim_transcript -do $msim_do_file_name \& "
Error: NativeLink simulation flow was NOT successful



================The following additional information is provided to help identify the cause of error while running nativelink scripts=================
Nativelink TCL script failed with errorCode:  NONE
Nativelink TCL script failed with errorInfo:  POSIX EINVAL {invalid argument}
    invoked from within
"if [ catch {eval gen_msim_script args_hash} msim_do_file_name] {
	error "$::errorCode" "$::errorInfo"
    } elseif {$script_mode == 0} {
	post_message..."
    (procedure "launch_sim" line 109)
    invoked from within
"launch_sim launch_args_hash"
    ("eval" body line 1)
    invoked from within
"eval launch_sim launch_args_hash"
    invoked from within
"if [ info exists ::errorCode ] {
				set savedCode $::errorCode
				set savedInfo $::errorInfo
				error $result $savedInfo $savedCode
			} else {
			..."
    invoked from within
"if [catch {eval launch_sim launch_args_hash} result ] {
			set status 1
			if [ info exists ::errorCode ] {
				set savedCode $::errorCode
				set sav..."
    (procedure "run_sim" line 78)
    invoked from within
"run_sim run_sim_args_hash"
    invoked from within
"if [ info exists ::errorCode ] {
			set savedCode $::errorCode
			set savedInfo $::errorInfo
			error "$result" $savedInfo $savedCode
		} else {
			er..."
    (procedure "run_eda_simulation_tool" line 330)
    invoked from within
"run_eda_simulation_tool eda_opts_hash"
